
cellranger vdj --id=duck_G1_VDJ --denovo  \
    --inner-enrichment-primers data/Primer.txt \
    --fastqs=$VDJ_DIR \
    --sample=duck_G1_VDJ \
    --localcores=60 \
    --localmem=256 --chain IG

cellranger vdj --id=duck_Group3_VDJ --denovo  \
    --inner-enrichment-primers data/Primer.txt \
    --fastqs=$VDJ_DIR \
    --sample=duck_Group3_VDJ \ --localcores=60 \
    --localmem=256 --chain IG

cellranger vdj --id=miniHA3_G1_VDJ --denovo  \
    --inner-enrichment-primers data/Primer.txt \
    --fastqs=$VDJ_DIR \
    --sample=miniHA3_G1_VDJ \
    --localcores=60 \
    --localmem=256 --chain IG

cellranger vdj --id=miniHA3_G3_VDJ --denovo  \
    --inner-enrichment-primers data/Primer.txt \
    --fastqs=$VDJ_DIR \
    --sample=miniHA3_G3_VDJ \
    --localcores=60 \
    --localmem=256 --chain IG




Martian Runtime - v4.0.12
Serving UI at http://nicwulab-linux:42687?auth=7CrGO8tOwTHOgN3mHi5Sy0speuto8MQ5gCp8-AJn8qw

Running preflight checks (please wait)...
Checking sample info...
Checking FASTQ folder...
Checking reference...
Checking reference_path (/data2/wenkanl2/Tomas/2411_4DcukHA/ref/CAU_1_0) on nicwulab-linux...
Checking optional arguments...
mro: v4.0.12
mrp: v4.0.12
Anaconda: Python 3.10.11
numpy: 1.24.3
scipy: 1.10.1
pysam: 0.21.0
h5py: 3.6.0
pandas: 2.1.4
STAR: 2.7.2a
samtools: samtools 1.16.1
2024-11-09 10:07:06 [runtime] (ready)           ID.duck_G1_GEX.SC_RNA_COUNTER_CS.SC_MULTI_CORE.MULTI_GEM_WELL_PROCESSOR.COUNT_GEM_WELL_PROCESSOR._BASIC_SC_RNA_COUNTER._MATRIX_COMPUTER.DISABLE_CORRECTION_FACTOR
2024-11-09 10:07:06 [runtime] (run:local)       ID.duck_G1_GEX.SC_RNA_COUNTER_CS.SC_MULTI_CORE.MULTI_GEM_WELL_PROCESSOR.COUNT_GEM_WELL_PROCESSOR._BASIC_SC_RNA_COUNTER._MATRIX_COMPUTER.DISABLE_CORRECTION_FACTOR.fork0.chnk0.main
2024-11-09 10:07:06 [runtime] (ready)           ID.duck_G1_GEX.SC_RNA_COUNTER_CS.SC_MULTI_CORE.COPY_VDJ_REFERENCE
2024-11-09 10:07:06 [runtime] (ready)           ID.duck_G1_GEX.SC_RNA_COUNTER_CS.FULL_COUNT_INPUTS.WRITE_GENE_INDEX
2024-11-09 10:07:06 [runtime] (run:local)       ID.duck_G1_GEX.SC_RNA_COUNTER_CS.FULL_COUNT_INPUTS.WRITE_GENE_INDEX.fork0.chnk0.main
2024-11-09 10:07:06 [runtime] (ready)           ID.duck_G1_GEX.SC_RNA_COUNTER_CS.SC_MULTI_CORE.SANITIZE_MAP_CALLS
2024-11-09 10:07:06 [runtime] (ready)           ID.duck_G1_GEX.SC_RNA_COUNTER_CS.SC_MULTI_CORE.MAKE_FULL_CONFIG._MAKE_VDJ_CONFIG
2024-11-09 10:07:06 [runtime] (run:local)       ID.duck_G1_GEX.SC_RNA_COUNTER_CS.SC_MULTI_CORE.MAKE_FULL_CONFIG._MAKE_VDJ_CONFIG.fork0.chnk0.main
2024-11-09 10:07:06 [runtime] (ready)           ID.duck_G1_GEX.SC_RNA_COUNTER_CS.COPY_CHEMISTRY_SPEC
2024-11-09 10:07:06 [runtime] (run:local)       ID.duck_G1_GEX.SC_RNA_COUNTER_CS.COPY_CHEMISTRY_SPEC.fork0.chnk0.main
2024-11-09 10:07:06 [runtime] (ready)           ID.duck_G1_GEX.SC_RNA_COUNTER_CS.SC_MULTI_CORE.SPLIT_VDJ_INPUTS
2024-11-09 10:07:06 [runtime] (ready)           ID.duck_G1_GEX.SC_RNA_COUNTER_CS.SC_MULTI_CORE.MULTI_CHEMISTRY_DETECTOR.CHECK_SINGLE_BEAM_MODE
2024-11-09 10:07:06 [runtime] (ready)           ID.duck_G1_GEX.SC_RNA_COUNTER_CS.WRITE_GENE_INDEX
2024-11-09 10:07:06 [runtime] (run:local)       ID.duck_G1_GEX.SC_RNA_COUNTER_CS.WRITE_GENE_INDEX.fork0.chnk0.main
2024-11-09 10:07:06 [runtime] (chunks_complete) ID.duck_G1_GEX.SC_RNA_COUNTER_CS.SC_MULTI_CORE.MULTI_GEM_WELL_PROCESSOR.COUNT_GEM_WELL_PROCESSOR._BASIC_SC_RNA_COUNTER._MATRIX_COMPUTER.DISABLE_CORRECTION_FACTOR
2024-11-09 10:07:06 [runtime] (chunks_complete) ID.duck_G1_GEX.SC_RNA_COUNTER_CS.SC_MULTI_CORE.MAKE_FULL_CONFIG._MAKE_VDJ_CONFIG
2024-11-09 10:07:06 [runtime] (chunks_complete) ID.duck_G1_GEX.SC_RNA_COUNTER_CS.COPY_CHEMISTRY_SPEC
2024-11-09 10:07:06 [runtime] (ready)           ID.duck_G1_GEX.SC_RNA_COUNTER_CS.SC_MULTI_CORE.MULTI_GEM_WELL_PROCESSOR.COUNT_GEM_WELL_PROCESSOR._BASIC_SC_RNA_COUNTER._MATRIX_COMPUTER.COMPUTE_CORRECTION_FACTOR
2024-11-09 10:07:06 [runtime] (ready)           ID.duck_G1_GEX.SC_RNA_COUNTER_CS.SC_MULTI_CORE.MULTI_GEM_WELL_PROCESSOR.VDJ_B_GEM_WELL_PROCESSOR.MULTI_SETUP_CHUNKS
2024-11-09 10:07:06 [runtime] (ready)           ID.duck_G1_GEX.SC_RNA_COUNTER_CS.SC_MULTI_CORE.MULTI_GEM_WELL_PROCESSOR.VDJ_T_GEM_WELL_PROCESSOR.SETUP_VDJ_DEMUX
2024-11-09 10:07:06 [runtime] (ready)           ID.duck_G1_GEX.SC_RNA_COUNTER_CS.SC_MULTI_CORE.MULTI_GEM_WELL_PROCESSOR.VDJ_T_GD_GEM_WELL_PROCESSOR.SETUP_VDJ_DEMUX
2024-11-09 10:07:06 [runtime] (ready)           ID.duck_G1_GEX.SC_RNA_COUNTER_CS.SC_MULTI_CORE.MULTI_GEM_WELL_PROCESSOR.VDJ_B_GEM_WELL_PROCESSOR.SETUP_VDJ_DEMUX
2024-11-09 10:07:06 [runtime] (ready)           ID.duck_G1_GEX.SC_RNA_COUNTER_CS.SC_MULTI_CORE.MULTI_GEM_WELL_PROCESSOR.VDJ_T_GD_GEM_WELL_PROCESSOR.MULTI_SETUP_CHUNKS
2024-11-09 10:07:06 [runtime] (ready)           ID.duck_G1_GEX.SC_RNA_COUNTER_CS.SC_MULTI_CORE.MULTI_GEM_WELL_PROCESSOR.VDJ_B_GEM_WELL_PROCESSOR.SC_VDJ_CONTIG_ASSEMBLER.MAKE_SHARD
2024-11-09 10:07:06 [runtime] (ready)           ID.duck_G1_GEX.SC_RNA_COUNTER_CS.SC_MULTI_CORE.MULTI_CHEMISTRY_DETECTOR.DETECT_COUNT_CHEMISTRY
2024-11-09 10:07:06 [runtime] (run:local)       ID.duck_G1_GEX.SC_RNA_COUNTER_CS.SC_MULTI_CORE.MULTI_CHEMISTRY_DETECTOR.DETECT_COUNT_CHEMISTRY.fork0.chnk0.main
2024-11-09 10:07:06 [runtime] (ready)           ID.duck_G1_GEX.SC_RNA_COUNTER_CS.SC_MULTI_CORE.MULTI_GEM_WELL_PROCESSOR.VDJ_T_GEM_WELL_PROCESSOR.MULTI_SETUP_CHUNKS
2024-11-09 10:07:06 [runtime] (ready)           ID.duck_G1_GEX.SC_RNA_COUNTER_CS.SC_MULTI_CORE.MULTI_GEM_WELL_PROCESSOR.VDJ_B_GEM_WELL_PROCESSOR.SC_VDJ_CONTIG_ASSEMBLER.BARCODE_CORRECTION
2024-11-09 10:07:06 [runtime] (ready)           ID.duck_G1_GEX.SC_RNA_COUNTER_CS.SC_MULTI_CORE.MULTI_GEM_WELL_PROCESSOR.VDJ_T_GD_GEM_WELL_PROCESSOR.SC_VDJ_CONTIG_ASSEMBLER.MAKE_SHARD
2024-11-09 10:07:06 [runtime] (ready)           ID.duck_G1_GEX.SC_RNA_COUNTER_CS.SC_MULTI_CORE.MULTI_GEM_WELL_PROCESSOR.VDJ_T_GEM_WELL_PROCESSOR.SC_VDJ_CONTIG_ASSEMBLER.MAKE_SHARD
2024-11-09 10:07:06 [runtime] (ready)           ID.duck_G1_GEX.SC_RNA_COUNTER_CS.SC_MULTI_CORE.MULTI_GEM_WELL_PROCESSOR.VDJ_T_GD_GEM_WELL_PROCESSOR.SC_VDJ_CONTIG_ASSEMBLER.BARCODE_CORRECTION
2024-11-09 10:07:06 [runtime] (ready)           ID.duck_G1_GEX.SC_RNA_COUNTER_CS.SC_MULTI_CORE.MULTI_GEM_WELL_PROCESSOR.VDJ_B_GEM_WELL_PROCESSOR.SC_VDJ_CONTIG_ASSEMBLER.RUST_BRIDGE
2024-11-09 10:07:06 [runtime] (ready)           ID.duck_G1_GEX.SC_RNA_COUNTER_CS.SC_MULTI_CORE.MULTI_GEM_WELL_PROCESSOR.VDJ_T_GD_GEM_WELL_PROCESSOR.SC_VDJ_CONTIG_ASSEMBLER.RUST_BRIDGE
2024-11-09 10:07:06 [runtime] (ready)           ID.duck_G1_GEX.SC_RNA_COUNTER_CS.SC_MULTI_CORE.MULTI_GEM_WELL_PROCESSOR.VDJ_T_GEM_WELL_PROCESSOR.SC_VDJ_CONTIG_ASSEMBLER.BARCODE_CORRECTION
2024-11-09 10:07:06 [runtime] (ready)           ID.duck_G1_GEX.SC_RNA_COUNTER_CS.SC_MULTI_CORE.MULTI_GEM_WELL_PROCESSOR.VDJ_T_GD_GEM_WELL_PROCESSOR.SC_VDJ_CONTIG_ASSEMBLER.ASSEMBLE_VDJ
2024-11-09 10:07:06 [runtime] (ready)           ID.duck_G1_GEX.SC_RNA_COUNTER_CS.SC_MULTI_CORE.MULTI_GEM_WELL_PROCESSOR.VDJ_B_GEM_WELL_PROCESSOR.SC_VDJ_CONTIG_ASSEMBLER.ASSEMBLE_VDJ
2024-11-09 10:07:06 [runtime] (ready)           ID.duck_G1_GEX.SC_RNA_COUNTER_CS.SC_MULTI_CORE.MULTI_GEM_WELL_PROCESSOR.VDJ_T_GEM_WELL_PROCESSOR.SC_VDJ_CONTIG_ASSEMBLER.RUST_BRIDGE
2024-11-09 10:07:06 [runtime] (ready)           ID.duck_G1_GEX.SC_RNA_COUNTER_CS.SC_MULTI_CORE.MULTI_GEM_WELL_PROCESSOR.VDJ_T_GD_GEM_WELL_PROCESSOR.SC_VDJ_CONTIG_ASSEMBLER.MERGE_METRICS
2024-11-09 10:07:06 [runtime] (ready)           ID.duck_G1_GEX.SC_RNA_COUNTER_CS.SC_MULTI_CORE.MULTI_GEM_WELL_PROCESSOR.VDJ_B_GEM_WELL_PROCESSOR.SC_VDJ_CONTIG_ASSEMBLER.MERGE_METRICS
2024-11-09 10:07:06 [runtime] (ready)           ID.duck_G1_GEX.SC_RNA_COUNTER_CS.SC_MULTI_CORE.MULTI_GEM_WELL_PROCESSOR.VDJ_T_GEM_WELL_PROCESSOR.SC_VDJ_CONTIG_ASSEMBLER.ASSEMBLE_VDJ
2024-11-09 10:07:06 [runtime] (ready)           ID.duck_G1_GEX.SC_RNA_COUNTER_CS.SC_MULTI_CORE.MULTI_GEM_WELL_PROCESSOR.VDJ_T_GEM_WELL_PROCESSOR.SC_VDJ_CONTIG_ASSEMBLER.MERGE_METRICS
2024-11-09 10:07:09 [runtime] (chunks_complete) ID.duck_G1_GEX.SC_RNA_COUNTER_CS.FULL_COUNT_INPUTS.WRITE_GENE_INDEX
2024-11-09 10:07:09 [runtime] (ready)           ID.duck_G1_GEX.SC_RNA_COUNTER_CS.SC_MULTI_CORE.MULTI_GEM_WELL_PROCESSOR.COUNT_GEM_WELL_PROCESSOR.PARSE_TARGET_FEATURES
2024-11-09 10:07:09 [runtime] (run:local)       ID.duck_G1_GEX.SC_RNA_COUNTER_CS.SC_MULTI_CORE.MULTI_GEM_WELL_PROCESSOR.COUNT_GEM_WELL_PROCESSOR.PARSE_TARGET_FEATURES.fork0.chnk0.main
2024-11-09 10:07:09 [runtime] (chunks_complete) ID.duck_G1_GEX.SC_RNA_COUNTER_CS.WRITE_GENE_INDEX
2024-11-09 10:07:10 [runtime] (chunks_complete) ID.duck_G1_GEX.SC_RNA_COUNTER_CS.SC_MULTI_CORE.MULTI_GEM_WELL_PROCESSOR.COUNT_GEM_WELL_PROCESSOR.PARSE_TARGET_FEATURES
2024-11-09 10:07:25 [runtime] (chunks_complete) ID.duck_G1_GEX.SC_RNA_COUNTER_CS.SC_MULTI_CORE.MULTI_CHEMISTRY_DETECTOR.DETECT_COUNT_CHEMISTRY
2024-11-09 10:07:25 [runtime] (ready)           ID.duck_G1_GEX.SC_RNA_COUNTER_CS.SC_MULTI_CORE.MULTI_CHEMISTRY_DETECTOR.CHECK_BARCODES_COMPATIBILITY
2024-11-09 10:07:25 [runtime] (run:local)       ID.duck_G1_GEX.SC_RNA_COUNTER_CS.SC_MULTI_CORE.MULTI_CHEMISTRY_DETECTOR.CHECK_BARCODES_COMPATIBILITY.fork0.chnk0.main
2024-11-09 10:07:25 [runtime] (ready)           ID.duck_G1_GEX.SC_RNA_COUNTER_CS.SC_MULTI_CORE.MULTI_GEM_WELL_PROCESSOR.MAKE_VDJ_FILTER_SWITCH
2024-11-09 10:07:25 [runtime] (run:local)       ID.duck_G1_GEX.SC_RNA_COUNTER_CS.SC_MULTI_CORE.MULTI_GEM_WELL_PROCESSOR.MAKE_VDJ_FILTER_SWITCH.fork0.chnk0.main
2024-11-09 10:07:25 [runtime] (ready)           ID.duck_G1_GEX.SC_RNA_COUNTER_CS.SC_MULTI_CORE.MULTI_GEM_WELL_PROCESSOR.COUNT_GEM_WELL_PROCESSOR.MULTI_SETUP_CHUNKS
2024-11-09 10:07:25 [runtime] (run:local)       ID.duck_G1_GEX.SC_RNA_COUNTER_CS.SC_MULTI_CORE.MULTI_GEM_WELL_PROCESSOR.COUNT_GEM_WELL_PROCESSOR.MULTI_SETUP_CHUNKS.fork0.chnk0.main
2024-11-09 10:07:25 [runtime] (ready)           ID.duck_G1_GEX.SC_RNA_COUNTER_CS.SC_MULTI_CORE.CREATE_MULTI_GRAPH
2024-11-09 10:07:26 [runtime] (chunks_complete) ID.duck_G1_GEX.SC_RNA_COUNTER_CS.SC_MULTI_CORE.MULTI_CHEMISTRY_DETECTOR.CHECK_BARCODES_COMPATIBILITY
2024-11-09 10:07:26 [runtime] (chunks_complete) ID.duck_G1_GEX.SC_RNA_COUNTER_CS.SC_MULTI_CORE.MULTI_GEM_WELL_PROCESSOR.MAKE_VDJ_FILTER_SWITCH
2024-11-09 10:07:26 [runtime] (chunks_complete) ID.duck_G1_GEX.SC_RNA_COUNTER_CS.SC_MULTI_CORE.MULTI_GEM_WELL_PROCESSOR.COUNT_GEM_WELL_PROCESSOR.MULTI_SETUP_CHUNKS
2024-11-09 10:07:26 [runtime] (ready)           ID.duck_G1_GEX.SC_RNA_COUNTER_CS.SC_MULTI_CORE.MULTI_GEM_WELL_PROCESSOR.COUNT_GEM_WELL_PROCESSOR._BASIC_SC_RNA_COUNTER._MATRIX_COMPUTER.MAKE_SHARD
2024-11-09 10:07:26 [runtime] (run:local)       ID.duck_G1_GEX.SC_RNA_COUNTER_CS.SC_MULTI_CORE.MULTI_GEM_WELL_PROCESSOR.COUNT_GEM_WELL_PROCESSOR._BASIC_SC_RNA_COUNTER._MATRIX_COMPUTER.MAKE_SHARD.fork0.split
2024-11-09 10:07:27 [runtime] (split_complete)  ID.duck_G1_GEX.SC_RNA_COUNTER_CS.SC_MULTI_CORE.MULTI_GEM_WELL_PROCESSOR.COUNT_GEM_WELL_PROCESSOR._BASIC_SC_RNA_COUNTER._MATRIX_COMPUTER.MAKE_SHARD
2024-11-09 10:07:27 [runtime] (run:local)       ID.duck_G1_GEX.SC_RNA_COUNTER_CS.SC_MULTI_CORE.MULTI_GEM_WELL_PROCESSOR.COUNT_GEM_WELL_PROCESSOR._BASIC_SC_RNA_COUNTER._MATRIX_COMPUTER.MAKE_SHARD.fork0.chnk0.main
2024-11-09 10:07:27 [runtime] (run:local)       ID.duck_G1_GEX.SC_RNA_COUNTER_CS.SC_MULTI_CORE.MULTI_GEM_WELL_PROCESSOR.COUNT_GEM_WELL_PROCESSOR._BASIC_SC_RNA_COUNTER._MATRIX_COMPUTER.MAKE_SHARD.fork0.chnk1.main
